[26/01/2020 04:25:17] -  INFO -             SpringBootConfiguration - -- Starting Lunch Time Project - Using Spring Security --  
[26/01/2020 04:25:17] -  INFO -             SpringBootConfiguration - Starting SpringBootConfiguration v1.0.0 on anarchyV with PID 12375 (/home/victor/Bureau/prog/api/stone.lunchtime/target/stone.lunchtime.war started by victor in /home/victor/Bureau/prog/projects/cantini-re--front) 
[26/01/2020 04:25:17] - DEBUG -             SpringBootConfiguration - Running with Spring Boot v2.1.9.RELEASE, Spring v5.1.10.RELEASE 
[26/01/2020 04:25:17] -  INFO -             SpringBootConfiguration - The following profiles are active: h2 
[26/01/2020 04:25:29] - DEBUG -  SpringSecurityConfigurationSecured - SpringSecurityConfigurationSecured - Link with our Authentication provider 
[26/01/2020 04:25:32] - DEBUG -  SpringSecurityConfigurationSecured - SpringSecurityConfigurationSecured - Apply rules 
[26/01/2020 04:25:32] - DEBUG -          SpringSwaggerConfiguration - Loading Swagger configuration 
[26/01/2020 04:25:34] -  INFO -             SpringBootConfiguration - Started SpringBootConfiguration in 17.581 seconds (JVM running for 18.904) 
[26/01/2020 04:25:34] -  INFO -             SpringBootConfiguration - -- Using H2 in memory DBMS so: 
[26/01/2020 04:25:34] -  INFO -             SpringBootConfiguration - --  + Data base will be created at startup with some data (see data.sql script in src/main/resources directory) 
[26/01/2020 04:25:34] -  INFO -             SpringBootConfiguration - --  + H2 console is availabe at http://localhost:8080/lunchtime/h2 
[26/01/2020 04:25:34] -  INFO -             SpringBootConfiguration - --  + H2 console please use jdbc:h2:mem:lunchtime as JDBC URL 
[26/01/2020 04:25:34] -  INFO -             SpringBootConfiguration - --  + All information added will be lost at shutdown 
[26/01/2020 04:25:34] -  INFO -             SpringBootConfiguration - -- Project Lunch Time is up - Go to http://localhost:8080/lunchtime --  
[26/01/2020 04:25:37] - DEBUG -              JwtAuthorizationFilter - [0:0:0:0:0:0:0:1] <-- JwtAuthorizationFilter.doFilterInternal - http://localhost:8080/lunchtime/swagger-ui.html - JWT token is null 
[26/01/2020 04:25:37] -  WARN -              JwtAuthorizationFilter - [0:0:0:0:0:0:0:1] <-- JwtAuthorizationFilter.doFilterInternal - http://localhost:8080/lunchtime/swagger-ui.html - JWT token is Empty 
[26/01/2020 04:25:37] - DEBUG -              JwtAuthorizationFilter - [0:0:0:0:0:0:0:1] <-- JwtAuthorizationFilter.doFilterInternal - http://localhost:8080/lunchtime/webjars/springfox-swagger-ui/springfox.css - JWT token is null 
[26/01/2020 04:25:37] -  WARN -              JwtAuthorizationFilter - [0:0:0:0:0:0:0:1] <-- JwtAuthorizationFilter.doFilterInternal - http://localhost:8080/lunchtime/webjars/springfox-swagger-ui/springfox.css - JWT token is Empty 
[26/01/2020 04:25:37] - DEBUG -              JwtAuthorizationFilter - [0:0:0:0:0:0:0:1] <-- JwtAuthorizationFilter.doFilterInternal - http://localhost:8080/lunchtime/webjars/springfox-swagger-ui/swagger-ui.css - JWT token is null 
[26/01/2020 04:25:37] -  WARN -              JwtAuthorizationFilter - [0:0:0:0:0:0:0:1] <-- JwtAuthorizationFilter.doFilterInternal - http://localhost:8080/lunchtime/webjars/springfox-swagger-ui/swagger-ui.css - JWT token is Empty 
[26/01/2020 04:25:37] - DEBUG -              JwtAuthorizationFilter - [0:0:0:0:0:0:0:1] <-- JwtAuthorizationFilter.doFilterInternal - http://localhost:8080/lunchtime/webjars/springfox-swagger-ui/swagger-ui-bundle.js - JWT token is null 
[26/01/2020 04:25:37] -  WARN -              JwtAuthorizationFilter - [0:0:0:0:0:0:0:1] <-- JwtAuthorizationFilter.doFilterInternal - http://localhost:8080/lunchtime/webjars/springfox-swagger-ui/swagger-ui-bundle.js - JWT token is Empty 
[26/01/2020 04:25:38] - DEBUG -              JwtAuthorizationFilter - [0:0:0:0:0:0:0:1] <-- JwtAuthorizationFilter.doFilterInternal - http://localhost:8080/lunchtime/webjars/springfox-swagger-ui/swagger-ui-standalone-preset.js - JWT token is null 
[26/01/2020 04:25:38] -  WARN -              JwtAuthorizationFilter - [0:0:0:0:0:0:0:1] <-- JwtAuthorizationFilter.doFilterInternal - http://localhost:8080/lunchtime/webjars/springfox-swagger-ui/swagger-ui-standalone-preset.js - JWT token is Empty 
[26/01/2020 04:25:38] - DEBUG -              JwtAuthorizationFilter - [0:0:0:0:0:0:0:1] <-- JwtAuthorizationFilter.doFilterInternal - http://localhost:8080/lunchtime/webjars/springfox-swagger-ui/springfox.js - JWT token is null 
[26/01/2020 04:25:38] -  WARN -              JwtAuthorizationFilter - [0:0:0:0:0:0:0:1] <-- JwtAuthorizationFilter.doFilterInternal - http://localhost:8080/lunchtime/webjars/springfox-swagger-ui/springfox.js - JWT token is Empty 
[26/01/2020 04:25:38] - DEBUG -              JwtAuthorizationFilter - [0:0:0:0:0:0:0:1] <-- JwtAuthorizationFilter.doFilterInternal - http://localhost:8080/lunchtime/swagger-resources/configuration/ui - JWT token is null 
[26/01/2020 04:25:38] -  WARN -              JwtAuthorizationFilter - [0:0:0:0:0:0:0:1] <-- JwtAuthorizationFilter.doFilterInternal - http://localhost:8080/lunchtime/swagger-resources/configuration/ui - JWT token is Empty 
[26/01/2020 04:25:38] - DEBUG -              JwtAuthorizationFilter - [0:0:0:0:0:0:0:1] <-- JwtAuthorizationFilter.doFilterInternal - http://localhost:8080/lunchtime/swagger-resources/configuration/security - JWT token is null 
[26/01/2020 04:25:38] -  WARN -              JwtAuthorizationFilter - [0:0:0:0:0:0:0:1] <-- JwtAuthorizationFilter.doFilterInternal - http://localhost:8080/lunchtime/swagger-resources/configuration/security - JWT token is Empty 
[26/01/2020 04:25:38] - DEBUG -              JwtAuthorizationFilter - [0:0:0:0:0:0:0:1] <-- JwtAuthorizationFilter.doFilterInternal - http://localhost:8080/lunchtime/swagger-resources - JWT token is null 
[26/01/2020 04:25:38] -  WARN -              JwtAuthorizationFilter - [0:0:0:0:0:0:0:1] <-- JwtAuthorizationFilter.doFilterInternal - http://localhost:8080/lunchtime/swagger-resources - JWT token is Empty 
[26/01/2020 04:25:38] - DEBUG -              JwtAuthorizationFilter - [0:0:0:0:0:0:0:1] <-- JwtAuthorizationFilter.doFilterInternal - http://localhost:8080/lunchtime/v2/api-docs - JWT token is null 
[26/01/2020 04:25:38] -  WARN -              JwtAuthorizationFilter - [0:0:0:0:0:0:0:1] <-- JwtAuthorizationFilter.doFilterInternal - http://localhost:8080/lunchtime/v2/api-docs - JWT token is Empty 
[26/01/2020 04:25:38] - DEBUG -              JwtAuthorizationFilter - [0:0:0:0:0:0:0:1] <-- JwtAuthorizationFilter.doFilterInternal - http://localhost:8080/lunchtime/ - JWT token is null 
[26/01/2020 04:25:38] -  WARN -              JwtAuthorizationFilter - [0:0:0:0:0:0:0:1] <-- JwtAuthorizationFilter.doFilterInternal - http://localhost:8080/lunchtime/ - JWT token is Empty 
[26/01/2020 04:25:38] -  INFO -                   WelcomeController - [0:0:0:0:0:0:0:1] --> welcome 
[26/01/2020 04:25:38] - DEBUG -              JwtAuthorizationFilter - [0:0:0:0:0:0:0:1] <-- JwtAuthorizationFilter.doFilterInternal - http://localhost:8080/lunchtime/swagger-ui.html - JWT token is null 
[26/01/2020 04:25:38] -  WARN -              JwtAuthorizationFilter - [0:0:0:0:0:0:0:1] <-- JwtAuthorizationFilter.doFilterInternal - http://localhost:8080/lunchtime/swagger-ui.html - JWT token is Empty 
[26/01/2020 04:25:38] - DEBUG -              JwtAuthorizationFilter - [0:0:0:0:0:0:0:1] <-- JwtAuthorizationFilter.doFilterInternal - http://localhost:8080/lunchtime/webjars/springfox-swagger-ui/fonts/titillium-web-v6-latin-700.woff2 - JWT token is null 
[26/01/2020 04:25:38] -  WARN -              JwtAuthorizationFilter - [0:0:0:0:0:0:0:1] <-- JwtAuthorizationFilter.doFilterInternal - http://localhost:8080/lunchtime/webjars/springfox-swagger-ui/fonts/titillium-web-v6-latin-700.woff2 - JWT token is Empty 
[26/01/2020 04:25:38] - DEBUG -              JwtAuthorizationFilter - [0:0:0:0:0:0:0:1] <-- JwtAuthorizationFilter.doFilterInternal - http://localhost:8080/lunchtime/csrf - JWT token is null 
[26/01/2020 04:25:38] -  WARN -              JwtAuthorizationFilter - [0:0:0:0:0:0:0:1] <-- JwtAuthorizationFilter.doFilterInternal - http://localhost:8080/lunchtime/csrf - JWT token is Empty 
[26/01/2020 04:25:39] - DEBUG -              JwtAuthorizationFilter - [0:0:0:0:0:0:0:1] <-- JwtAuthorizationFilter.doFilterInternal - http://localhost:8080/lunchtime/webjars/springfox-swagger-ui/fonts/open-sans-v15-latin-700.woff2 - JWT token is null 
[26/01/2020 04:25:39] -  WARN -              JwtAuthorizationFilter - [0:0:0:0:0:0:0:1] <-- JwtAuthorizationFilter.doFilterInternal - http://localhost:8080/lunchtime/webjars/springfox-swagger-ui/fonts/open-sans-v15-latin-700.woff2 - JWT token is Empty 
[26/01/2020 04:25:39] - DEBUG -              JwtAuthorizationFilter - [0:0:0:0:0:0:0:1] <-- JwtAuthorizationFilter.doFilterInternal - http://localhost:8080/lunchtime/webjars/springfox-swagger-ui/fonts/source-code-pro-v7-latin-300.woff2 - JWT token is null 
[26/01/2020 04:25:39] -  WARN -              JwtAuthorizationFilter - [0:0:0:0:0:0:0:1] <-- JwtAuthorizationFilter.doFilterInternal - http://localhost:8080/lunchtime/webjars/springfox-swagger-ui/fonts/source-code-pro-v7-latin-300.woff2 - JWT token is Empty 
[26/01/2020 04:25:39] - DEBUG -              JwtAuthorizationFilter - [0:0:0:0:0:0:0:1] <-- JwtAuthorizationFilter.doFilterInternal - http://localhost:8080/lunchtime/webjars/springfox-swagger-ui/fonts/open-sans-v15-latin-regular.woff2 - JWT token is null 
[26/01/2020 04:25:39] -  WARN -              JwtAuthorizationFilter - [0:0:0:0:0:0:0:1] <-- JwtAuthorizationFilter.doFilterInternal - http://localhost:8080/lunchtime/webjars/springfox-swagger-ui/fonts/open-sans-v15-latin-regular.woff2 - JWT token is Empty 
[26/01/2020 04:25:46] - DEBUG -              JwtAuthorizationFilter - [0:0:0:0:0:0:0:1] <-- JwtAuthorizationFilter.doFilterInternal - http://localhost:8080/lunchtime/webjars/springfox-swagger-ui/fonts/source-code-pro-v7-latin-600.woff2 - JWT token is null 
[26/01/2020 04:25:46] -  WARN -              JwtAuthorizationFilter - [0:0:0:0:0:0:0:1] <-- JwtAuthorizationFilter.doFilterInternal - http://localhost:8080/lunchtime/webjars/springfox-swagger-ui/fonts/source-code-pro-v7-latin-600.woff2 - JWT token is Empty 
[26/01/2020 04:25:47] - DEBUG -              JwtAuthorizationFilter - [0:0:0:0:0:0:0:1] <-- JwtAuthorizationFilter.doFilterInternal - http://localhost:8080/lunchtime/webjars/springfox-swagger-ui/fonts/titillium-web-v6-latin-regular.woff2 - JWT token is null 
[26/01/2020 04:25:47] -  WARN -              JwtAuthorizationFilter - [0:0:0:0:0:0:0:1] <-- JwtAuthorizationFilter.doFilterInternal - http://localhost:8080/lunchtime/webjars/springfox-swagger-ui/fonts/titillium-web-v6-latin-regular.woff2 - JWT token is Empty 
